000 (090.000.000) 08/13 22:32:24 Job submitted from host: <192.168.1.2:50755>
...
001 (090.000.000) 08/13 22:32:26 Job executing on host: <192.168.1.2:50757>
...
006 (090.000.000) 08/13 22:32:34 Image size of job updated: 30
	1  -  MemoryUsage of job (MB)
	128  -  ResidentSetSize of job (KB)
...
006 (090.000.000) 08/13 22:37:34 Image size of job updated: 13860
	14  -  MemoryUsage of job (MB)
	13860  -  ResidentSetSize of job (KB)
...
006 (090.000.000) 08/13 22:42:34 Image size of job updated: 13868
	14  -  MemoryUsage of job (MB)
	13868  -  ResidentSetSize of job (KB)
...
000 (091.000.000) 08/13 22:52:08 Job submitted from host: <192.168.1.2:50755>
...
001 (091.000.000) 08/13 22:52:09 Job executing on host: <192.168.1.2:50757>
...
006 (091.000.000) 08/13 22:52:18 Image size of job updated: 30
	1  -  MemoryUsage of job (MB)
	124  -  ResidentSetSize of job (KB)
...
006 (091.000.000) 08/13 22:57:18 Image size of job updated: 13848
	14  -  MemoryUsage of job (MB)
	13848  -  ResidentSetSize of job (KB)
...
006 (091.000.000) 08/13 23:02:18 Image size of job updated: 13856
	14  -  MemoryUsage of job (MB)
	13856  -  ResidentSetSize of job (KB)
...
000 (092.000.000) 08/13 23:53:04 Job submitted from host: <192.168.1.2:50755>
...
001 (092.000.000) 08/13 23:53:06 Job executing on host: <192.168.1.2:50757>
...
006 (092.000.000) 08/13 23:53:14 Image size of job updated: 13808
	14  -  MemoryUsage of job (MB)
	13808  -  ResidentSetSize of job (KB)
...
006 (092.000.000) 08/13 23:58:14 Image size of job updated: 13812
	14  -  MemoryUsage of job (MB)
	13812  -  ResidentSetSize of job (KB)
...
006 (092.000.000) 08/14 00:03:14 Image size of job updated: 13864
	14  -  MemoryUsage of job (MB)
	13864  -  ResidentSetSize of job (KB)
...
