000 (350.000.000) 02/12 10:14:45 Job submitted from host: <192.168.1.124:48524>
...
000 (350.001.000) 02/12 10:14:45 Job submitted from host: <192.168.1.124:48524>
...
000 (350.002.000) 02/12 10:14:45 Job submitted from host: <192.168.1.124:48524>
...
000 (350.003.000) 02/12 10:14:45 Job submitted from host: <192.168.1.124:48524>
...
000 (350.004.000) 02/12 10:14:45 Job submitted from host: <192.168.1.124:48524>
...
001 (350.000.000) 02/12 10:14:47 Job executing on host: <192.168.1.124:48026>
...
001 (350.002.000) 02/12 10:14:47 Job executing on host: <192.168.1.124:48026>
...
001 (350.001.000) 02/12 10:14:47 Job executing on host: <192.168.1.124:48026>
...
006 (350.000.000) 02/12 10:14:48 Image size of job updated: 1
	0  -  MemoryUsage of job (MB)
	0  -  ResidentSetSize of job (KB)
...
006 (350.002.000) 02/12 10:14:48 Image size of job updated: 1
	0  -  MemoryUsage of job (MB)
	0  -  ResidentSetSize of job (KB)
...
001 (350.003.000) 02/12 10:14:47 Job executing on host: <192.168.1.124:48026>
...
006 (350.001.000) 02/12 10:14:49 Image size of job updated: 1
	0  -  MemoryUsage of job (MB)
	0  -  ResidentSetSize of job (KB)
...
005 (350.002.000) 02/12 10:14:49 Job terminated.
	(1) Normal termination (return value 0)
		Usr 0 00:00:00, Sys 0 00:00:00  -  Run Remote Usage
		Usr 0 00:00:00, Sys 0 00:00:00  -  Run Local Usage
		Usr 0 00:00:00, Sys 0 00:00:00  -  Total Remote Usage
		Usr 0 00:00:00, Sys 0 00:00:00  -  Total Local Usage
	145  -  Run Bytes Sent By Job
	10765437  -  Run Bytes Received By Job
	145  -  Total Bytes Sent By Job
	10765437  -  Total Bytes Received By Job
	Partitionable Resources :    Usage  Request          
	   Cpus                 :                 1          
	   Disk (KB)            :    12500    12500          
	   Memory (MB)          :        0        0          
...
006 (350.003.000) 02/12 10:14:49 Image size of job updated: 1
	0  -  MemoryUsage of job (MB)
	0  -  ResidentSetSize of job (KB)
...
005 (350.000.000) 02/12 10:14:49 Job terminated.
	(1) Normal termination (return value 0)
		Usr 0 00:00:00, Sys 0 00:00:00  -  Run Remote Usage
		Usr 0 00:00:00, Sys 0 00:00:00  -  Run Local Usage
		Usr 0 00:00:00, Sys 0 00:00:00  -  Total Remote Usage
		Usr 0 00:00:00, Sys 0 00:00:00  -  Total Local Usage
	145  -  Run Bytes Sent By Job
	10765437  -  Run Bytes Received By Job
	145  -  Total Bytes Sent By Job
	10765437  -  Total Bytes Received By Job
	Partitionable Resources :    Usage  Request          
	   Cpus                 :                 1          
	   Disk (KB)            :    12500    12500          
	   Memory (MB)          :        0        0          
...
005 (350.001.000) 02/12 10:14:49 Job terminated.
	(1) Normal termination (return value 0)
		Usr 0 00:00:00, Sys 0 00:00:00  -  Run Remote Usage
		Usr 0 00:00:00, Sys 0 00:00:00  -  Run Local Usage
		Usr 0 00:00:00, Sys 0 00:00:00  -  Total Remote Usage
		Usr 0 00:00:00, Sys 0 00:00:00  -  Total Local Usage
	145  -  Run Bytes Sent By Job
	10765437  -  Run Bytes Received By Job
	145  -  Total Bytes Sent By Job
	10765437  -  Total Bytes Received By Job
	Partitionable Resources :    Usage  Request          
	   Cpus                 :                 1          
	   Disk (KB)            :    12500    12500          
	   Memory (MB)          :        0        0          
...
005 (350.003.000) 02/12 10:14:49 Job terminated.
	(1) Normal termination (return value 0)
		Usr 0 00:00:00, Sys 0 00:00:00  -  Run Remote Usage
		Usr 0 00:00:00, Sys 0 00:00:00  -  Run Local Usage
		Usr 0 00:00:00, Sys 0 00:00:00  -  Total Remote Usage
		Usr 0 00:00:00, Sys 0 00:00:00  -  Total Local Usage
	145  -  Run Bytes Sent By Job
	10765437  -  Run Bytes Received By Job
	145  -  Total Bytes Sent By Job
	10765437  -  Total Bytes Received By Job
	Partitionable Resources :    Usage  Request          
	   Cpus                 :                 1          
	   Disk (KB)            :    12500    12500          
	   Memory (MB)          :        0        0          
...
001 (350.004.000) 02/12 10:14:50 Job executing on host: <192.168.1.124:48026>
...
006 (350.004.000) 02/12 10:14:50 Image size of job updated: 1
	0  -  MemoryUsage of job (MB)
	0  -  ResidentSetSize of job (KB)
...
005 (350.004.000) 02/12 10:14:50 Job terminated.
	(1) Normal termination (return value 0)
		Usr 0 00:00:00, Sys 0 00:00:00  -  Run Remote Usage
		Usr 0 00:00:00, Sys 0 00:00:00  -  Run Local Usage
		Usr 0 00:00:00, Sys 0 00:00:00  -  Total Remote Usage
		Usr 0 00:00:00, Sys 0 00:00:00  -  Total Local Usage
	145  -  Run Bytes Sent By Job
	10765437  -  Run Bytes Received By Job
	145  -  Total Bytes Sent By Job
	10765437  -  Total Bytes Received By Job
	Partitionable Resources :    Usage  Request          
	   Cpus                 :                 1          
	   Disk (KB)            :    12500    12500          
	   Memory (MB)          :        0        0          
...
000 (351.000.000) 02/12 10:14:58 Job submitted from host: <192.168.1.124:48524>
...
000 (351.001.000) 02/12 10:14:58 Job submitted from host: <192.168.1.124:48524>
...
000 (351.002.000) 02/12 10:14:58 Job submitted from host: <192.168.1.124:48524>
...
000 (351.003.000) 02/12 10:14:58 Job submitted from host: <192.168.1.124:48524>
...
000 (351.004.000) 02/12 10:14:58 Job submitted from host: <192.168.1.124:48524>
...
001 (351.000.000) 02/12 10:15:08 Job executing on host: <192.168.1.124:48026>
...
006 (351.000.000) 02/12 10:15:08 Image size of job updated: 1
	0  -  MemoryUsage of job (MB)
	0  -  ResidentSetSize of job (KB)
...
001 (351.001.000) 02/12 10:15:08 Job executing on host: <192.168.1.124:48026>
...
005 (351.000.000) 02/12 10:15:08 Job terminated.
	(1) Normal termination (return value 0)
		Usr 0 00:00:00, Sys 0 00:00:00  -  Run Remote Usage
		Usr 0 00:00:00, Sys 0 00:00:00  -  Run Local Usage
		Usr 0 00:00:00, Sys 0 00:00:00  -  Total Remote Usage
		Usr 0 00:00:00, Sys 0 00:00:00  -  Total Local Usage
	145  -  Run Bytes Sent By Job
	10765437  -  Run Bytes Received By Job
	145  -  Total Bytes Sent By Job
	10765437  -  Total Bytes Received By Job
	Partitionable Resources :    Usage  Request          
	   Cpus                 :                 1          
	   Disk (KB)            :    12500    12500          
	   Memory (MB)          :        0        0          
...
001 (351.003.000) 02/12 10:15:08 Job executing on host: <192.168.1.124:48026>
...
006 (351.001.000) 02/12 10:15:08 Image size of job updated: 1
	0  -  MemoryUsage of job (MB)
	0  -  ResidentSetSize of job (KB)
...
001 (351.002.000) 02/12 10:15:08 Job executing on host: <192.168.1.124:48026>
...
006 (351.003.000) 02/12 10:15:08 Image size of job updated: 1
	0  -  MemoryUsage of job (MB)
	0  -  ResidentSetSize of job (KB)
...
006 (351.002.000) 02/12 10:15:08 Image size of job updated: 1
	0  -  MemoryUsage of job (MB)
	0  -  ResidentSetSize of job (KB)
...
005 (351.001.000) 02/12 10:15:08 Job terminated.
	(1) Normal termination (return value 0)
		Usr 0 00:00:00, Sys 0 00:00:00  -  Run Remote Usage
		Usr 0 00:00:00, Sys 0 00:00:00  -  Run Local Usage
		Usr 0 00:00:00, Sys 0 00:00:00  -  Total Remote Usage
		Usr 0 00:00:00, Sys 0 00:00:00  -  Total Local Usage
	145  -  Run Bytes Sent By Job
	10765437  -  Run Bytes Received By Job
	145  -  Total Bytes Sent By Job
	10765437  -  Total Bytes Received By Job
	Partitionable Resources :    Usage  Request          
	   Cpus                 :                 1          
	   Disk (KB)            :    12500    12500          
	   Memory (MB)          :        0        0          
...
005 (351.003.000) 02/12 10:15:08 Job terminated.
	(1) Normal termination (return value 0)
		Usr 0 00:00:00, Sys 0 00:00:00  -  Run Remote Usage
		Usr 0 00:00:00, Sys 0 00:00:00  -  Run Local Usage
		Usr 0 00:00:00, Sys 0 00:00:00  -  Total Remote Usage
		Usr 0 00:00:00, Sys 0 00:00:00  -  Total Local Usage
	145  -  Run Bytes Sent By Job
	10765437  -  Run Bytes Received By Job
	145  -  Total Bytes Sent By Job
	10765437  -  Total Bytes Received By Job
	Partitionable Resources :    Usage  Request          
	   Cpus                 :                 1          
	   Disk (KB)            :    12500    12500          
	   Memory (MB)          :        0        0          
...
005 (351.002.000) 02/12 10:15:08 Job terminated.
	(1) Normal termination (return value 0)
		Usr 0 00:00:00, Sys 0 00:00:00  -  Run Remote Usage
		Usr 0 00:00:00, Sys 0 00:00:00  -  Run Local Usage
		Usr 0 00:00:00, Sys 0 00:00:00  -  Total Remote Usage
		Usr 0 00:00:00, Sys 0 00:00:00  -  Total Local Usage
	145  -  Run Bytes Sent By Job
	10765437  -  Run Bytes Received By Job
	145  -  Total Bytes Sent By Job
	10765437  -  Total Bytes Received By Job
	Partitionable Resources :    Usage  Request          
	   Cpus                 :                 1          
	   Disk (KB)            :    12500    12500          
	   Memory (MB)          :        0        0          
...
001 (351.004.000) 02/12 10:15:09 Job executing on host: <192.168.1.124:48026>
...
006 (351.004.000) 02/12 10:15:09 Image size of job updated: 1
	0  -  MemoryUsage of job (MB)
	0  -  ResidentSetSize of job (KB)
...
005 (351.004.000) 02/12 10:15:09 Job terminated.
	(1) Normal termination (return value 0)
		Usr 0 00:00:00, Sys 0 00:00:00  -  Run Remote Usage
		Usr 0 00:00:00, Sys 0 00:00:00  -  Run Local Usage
		Usr 0 00:00:00, Sys 0 00:00:00  -  Total Remote Usage
		Usr 0 00:00:00, Sys 0 00:00:00  -  Total Local Usage
	145  -  Run Bytes Sent By Job
	10765437  -  Run Bytes Received By Job
	145  -  Total Bytes Sent By Job
	10765437  -  Total Bytes Received By Job
	Partitionable Resources :    Usage  Request          
	   Cpus                 :                 1          
	   Disk (KB)            :    12500    12500          
	   Memory (MB)          :        0        0          
...
