000 (033.000.000) 11/09 23:07:11 Job submitted from host: <192.168.1.124:45875>
...
001 (033.000.000) 11/09 23:07:12 Job executing on host: <192.168.1.124:50284>
...
007 (033.000.000) 11/09 23:07:13 Shadow exception!
	Error from slot1@MONSTER: Failed to execute '/var/lib/condor/execute/dir_11358/condor_exec.exe': (errno=8: 'Exec format error')
	0  -  Run Bytes Sent By Job
	8443  -  Run Bytes Received By Job
...
012 (033.000.000) 11/09 23:07:13 Job was held.
	Error from slot1@MONSTER: Failed to execute '/var/lib/condor/execute/dir_11358/condor_exec.exe': (errno=8: 'Exec format error')
	Code 6 Subcode 8
...
000 (034.000.000) 11/09 23:10:02 Job submitted from host: <192.168.1.124:45875>
...
001 (034.000.000) 11/09 23:10:03 Job executing on host: <192.168.1.124:50284>
...
007 (034.000.000) 11/09 23:10:03 Shadow exception!
	Error from slot1@MONSTER: Failed to execute '/var/lib/condor/execute/dir_12682/condor_exec.exe': (errno=8: 'Exec format error')
	0  -  Run Bytes Sent By Job
	8443  -  Run Bytes Received By Job
...
012 (034.000.000) 11/09 23:10:04 Job was held.
	Error from slot1@MONSTER: Failed to execute '/var/lib/condor/execute/dir_12682/condor_exec.exe': (errno=8: 'Exec format error')
	Code 6 Subcode 8
...
000 (035.000.000) 11/09 23:11:43 Job submitted from host: <192.168.1.124:45875>
...
001 (035.000.000) 11/09 23:11:44 Job executing on host: <192.168.1.124:50284>
...
007 (035.000.000) 11/09 23:11:45 Shadow exception!
	Error from slot1@MONSTER: Failed to execute '/var/lib/condor/execute/dir_13542/condor_exec.exe': (errno=8: 'Exec format error')
	0  -  Run Bytes Sent By Job
	8443  -  Run Bytes Received By Job
...
012 (035.000.000) 11/09 23:11:45 Job was held.
	Error from slot1@MONSTER: Failed to execute '/var/lib/condor/execute/dir_13542/condor_exec.exe': (errno=8: 'Exec format error')
	Code 6 Subcode 8
...
009 (033.000.000) 11/09 23:11:49 Job was aborted by the user.
	via condor_rm (by user www-data)
...
009 (034.000.000) 11/09 23:11:49 Job was aborted by the user.
	via condor_rm (by user www-data)
...
009 (035.000.000) 11/09 23:11:50 Job was aborted by the user.
	via condor_rm (by user www-data)
...
